make all --print-data-base --no-builtin-variables --no-builtin-rules --question
# GNU Make 4.2.1
# Built for x86_64-pc-linux-gnu
# Copyright (C) 1988-2016 Free Software Foundation, Inc.
# License GPLv3+: GNU GPL version 3 or later <http://gnu.org/licenses/gpl.html>
# This is free software: you are free to change and redistribute it.
# There is NO WARRANTY, to the extent permitted by law.

# Make data base, printed on Wed Dec 15 11:20:13 2021

# Variables

# 'override' directive
GNUMAKEFLAGS := 
# automatic
<D = $(patsubst %/,%,$(dir $<))
# automatic
?F = $(notdir $?)
# environment
DESKTOP_SESSION = ubuntu
# default
.SHELLFLAGS := -c
# environment
XDG_SESSION_CLASS = user
# environment
SNAP_COMMON = /var/snap/code/common
# environment
XDG_SESSION_TYPE = x11
# environment
VSCODE_LOG_NATIVE = false
# automatic
?D = $(patsubst %/,%,$(dir $?))
# environment
IM_CONFIG_PHASE = 1
# automatic
@D = $(patsubst %/,%,$(dir $@))
# environment
XAUTHORITY = /run/user/1000/gdm/Xauthority
# environment
GDMSESSION = ubuntu
# environment
XMODIFIERS = @im=ibus
# makefile
CURDIR := /home/ioanna/DB_2021-22
# makefile
SHELL = /bin/sh
# environment
SNAP_DATA = /var/snap/code/83
# environment
VSCODE_NLS_CONFIG = {"locale":"en-us","availableLanguages":{},"_languagePackSupport":true}
# environment
JOURNAL_STREAM = 8:47454
# environment
XDG_CONFIG_DIRS = /etc/xdg/xdg-ubuntu:/etc/xdg
# environment
SNAP_INSTANCE_NAME = code
# environment
SNAP_ARCH = amd64
# makefile
MAKEFILE_LIST := 
# automatic
@F = $(notdir $@)
# environment
GIO_LAUNCHED_DESKTOP_FILE = /var/lib/snapd/desktop/applications/code_code.desktop
# environment
USERNAME = ioanna
# environment
MAKELEVEL := 0
# environment
XDG_DATA_DIRS = /usr/share/ubuntu:/usr/local/share/:/usr/share/:/var/lib/snapd/desktop
# environment
DBUS_SESSION_BUS_ADDRESS = unix:path=/run/user/1000/bus
# environment
VSCODE_VERBOSE_LOGGING = true
# environment
_ = /snap/code/83/usr/share/code/code
# environment
MANAGERPID = 1481
# environment
LESSOPEN = | /usr/bin/lesspipe %s
# environment
LC_NAME = el_GR.UTF-8
# environment
VSCODE_CWD = /home/ioanna
# environment
GSETTINGS_SCHEMA_DIR = /snap/code/83/usr/share/glib-2.0/schemas
# default
MAKE_HOST := x86_64-pc-linux-gnu
# environment
PATH = /home/ioanna/anaconda3/bin:/home/ioanna/anaconda3/condabin:/usr/local/sbin:/usr/local/bin:/usr/sbin:/usr/bin:/sbin:/bin:/usr/games:/usr/local/games:/snap/bin
# environment
GPG_AGENT_INFO = /run/user/1000/gnupg/S.gpg-agent:0:1
# environment
SESSION_MANAGER = local/ioanna-Inspiron-5490:@/tmp/.ICE-unix/1722,unix/ioanna-Inspiron-5490:/tmp/.ICE-unix/1722
# environment
XDG_RUNTIME_DIR = /run/user/1000
# environment
GDK_PIXBUF_MODULE_FILE = /home/ioanna/snap/code/common/.cache/gdk-pixbuf-loaders.cache
# environment
SNAP = /snap/code/83
# environment
SNAP_VERSION = 7db1a2b8
# environment
CONDA_PREFIX = /home/ioanna/anaconda3
# environment
XDG_MENU_PREFIX = gnome-
# environment
VSCODE_LOG_STACK = false
# environment
DISABLE_WAYLAND = 1
# environment
VSCODE_CRASH_REPORTER_START_OPTIONS = {"companyName":"Microsoft","productName":"VSCode","submitURL":"appcenter://code?aid=fba07a4d-84bd-4fc8-a125-9640fc8ce171&uid=d47e8f72-09d7-4195-9c60-fdbcf821d31e&iid=d47e8f72-09d7-4195-9c60-fdbcf821d31e&sid=d47e8f72-09d7-4195-9c60-fdbcf821d31e","uploadToServer":true}
# environment
INVOCATION_ID = 125c75d003404c5aa1de5f5b326eb9d3
# environment
GDK_PIXBUF_MODULEDIR = /snap/code/83/usr/lib/x86_64-linux-gnu/gdk-pixbuf-2.0/2.10.0/loaders
# default
.FEATURES := target-specific order-only second-expansion else-if shortest-stem undefine oneshell archives jobserver output-sync check-symlink load
# environment
LS_COLORS = 
# environment
XDG_SESSION_DESKTOP = ubuntu
# environment
SSH_AUTH_SOCK = /run/user/1000/keyring/ssh
# environment
GIO_LAUNCHED_DESKTOP_FILE_PID = 2212
# automatic
%F = $(notdir $%)
# environment
DISPLAY = :0
# environment
CONDA_EXE = /home/ioanna/anaconda3/bin/conda
# environment
VSCODE_PIPE_LOGGING = true
# environment
SNAP_INSTANCE_KEY = 
# environment
PWD = /home/ioanna/DB_2021-22
# default
.LOADED := 
# environment
SSH_AGENT_PID = 1680
# environment
ORIGINAL_XDG_CURRENT_DESKTOP = ubuntu:GNOME
# environment
GTK_MODULES = gail:atk-bridge
# environment
VSCODE_AMD_ENTRYPOINT = vs/workbench/services/extensions/node/extensionHostProcess
# environment
HOME = /home/ioanna
# environment
LESSCLOSE = /usr/bin/lesspipe %s %s
# environment
VSCODE_CLI = 1
# environment
VSCODE_CODE_CACHE_PATH = /home/ioanna/.config/Code/CachedData/7db1a2b88f7557e0a43fec75b6ba7e50b3e9f77e
# environment
LOGNAME = ioanna
# environment
APPLICATION_INSIGHTS_NO_DIAGNOSTIC_CHANNEL = true
# environment
SNAP_LIBRARY_PATH = /var/lib/snapd/lib/gl:/var/lib/snapd/lib/gl32:/var/lib/snapd/void
# environment
SNAP_CONTEXT = _b4YTQJmYkaXj4K-_Cm2Nyhk9SP4MdOIKCH9VX0oE84Rl51qRfT8
# environment
CONDA_PROMPT_MODIFIER = (base) 
# automatic
+F = $(notdir $+)
# environment
ELECTRON_NO_ATTACH_CONSOLE = 1
# environment
SNAP_USER_COMMON = /home/ioanna/snap/code/common
# environment
VSCODE_HANDLES_UNCAUGHT_ERRORS = true
# environment
GNOME_DESKTOP_SESSION_ID = this-is-deprecated
# automatic
^D = $(patsubst %/,%,$(dir $^))
# environment
LC_TIME = el_GR.UTF-8
# environment
SNAP_REAL_HOME = /home/ioanna
# environment
CONDA_DEFAULT_ENV = base
# default
MAKE = $(MAKE_COMMAND)
# default
MAKECMDGOALS := all
# environment
QT_IM_MODULE = ibus
# environment
SNAP_USER_DATA = /home/ioanna/snap/code/83
# environment
SHLVL = 0
# environment
GNOME_SHELL_SESSION_MODE = ubuntu
# environment
VSCODE_IPC_HOOK_EXTHOST = /run/user/1000/vscode-ipc-92d6c0ff-56ab-4186-b61f-18aa6c5134ca.sock
# default
MAKE_VERSION := 4.2.1
# environment
USER = ioanna
# environment
SNAP_REVISION = 83
# environment
LC_MONETARY = el_GR.UTF-8
# makefile
.DEFAULT_GOAL := 
# environment
XDG_CURRENT_DESKTOP = Unity
# automatic
%D = $(patsubst %/,%,$(dir $%))
# environment
LC_TELEPHONE = el_GR.UTF-8
# environment
CONDA_SHLVL = 1
# default
MAKE_COMMAND := make
# default
.VARIABLES := 
# automatic
*F = $(notdir $*)
# environment
VSCODE_IPC_HOOK = /run/user/1000/vscode-3e0873f4-1.63.0-main.sock
# environment
BAMF_DESKTOP_FILE_HINT = /var/lib/snapd/desktop/applications/code_code.desktop
# makefile
MAKEFLAGS = pqrR
# environment
MFLAGS = -pqrR
# automatic
*D = $(patsubst %/,%,$(dir $*))
# environment
BREAKPAD_DUMP_LOCATION = /home/ioanna/.config/Code/exthost Crash Reports
# automatic
+D = $(patsubst %/,%,$(dir $+))
# environment
GDK_BACKEND = x11
# environment
LC_PAPER = el_GR.UTF-8
# environment
LC_IDENTIFICATION = el_GR.UTF-8
# environment
QT_ACCESSIBILITY = 1
# default
MAKEFILES := 
# environment
SNAP_COOKIE = _b4YTQJmYkaXj4K-_Cm2Nyhk9SP4MdOIKCH9VX0oE84Rl51qRfT8
# environment
LC_NUMERIC = el_GR.UTF-8
# automatic
<F = $(notdir $<)
# environment
ELECTRON_RUN_AS_NODE = 1
# environment
LC_MEASUREMENT = el_GR.UTF-8
# environment
SNAP_NAME = code
# environment
LC_ALL = C
# environment
CONDA_PYTHON_EXE = /home/ioanna/anaconda3/bin/python
# environment
GJS_DEBUG_TOPICS = JS ERROR;JS LOG
# automatic
^F = $(notdir $^)
# default
SUFFIXES := 
# environment
SNAP_REEXEC = 
# environment
_CE_M = 
# environment
CHROME_DESKTOP = code-url-handler.desktop
# environment
WINDOWPATH = 2
# default
.INCLUDE_DIRS = /usr/include /usr/local/include /usr/include
# environment
GJS_DEBUG_OUTPUT = stderr
# default
.RECIPEPREFIX := 
# environment
LC_ADDRESS = el_GR.UTF-8
# environment
LANG = C
# environment
VSCODE_PID = 2257
# environment
_CE_CONDA = 
# variable set hash-table stats:
# Load=139/1024=14%, Rehash=0, Collisions=25/161=16%

# Pattern-specific Variable Values

# No pattern-specific variable values.

# Directories

 
make: *** No rule to make target 'all'.  Stop.
 
# . (device 66311, inode 2492497): 11 files, no impossibilities.

# 11 files, no impossibilities in 1 directories.

# Implicit Rules

# No implicit rules.

# Files

# Not a target:
all:
#  Command line target.
#  Implicit rule search has been done.
#  File does not exist.
#  File has not been updated.

# Not a target:
Makefile:
#  Implicit rule search has been done.
#  File does not exist.
#  File has been updated.
#  Failed to be updated.

# Not a target:
makefile:
#  Implicit rule search has been done.
#  File does not exist.
#  File has been updated.
#  Failed to be updated.

# Not a target:
.DEFAULT:
#  Implicit rule search has not been done.
#  Modification time never checked.
#  File has not been updated.

# Not a target:
GNUmakefile:
#  Implicit rule search has been done.
#  File does not exist.
#  File has been updated.
#  Failed to be updated.

# files hash-table stats:
# Load=6/1024=1%, Rehash=0, Collisions=0/15=0%
# VPATH Search Paths

# No 'vpath' search paths.

# No general ('VPATH' variable) search path.

# strcache buffers: 1 (0) / strings = 19 / storage = 163 B / avg = 8 B
# current buf: size = 8162 B / used = 163 B / count = 19 / avg = 8 B

# strcache performance: lookups = 22 / hit rate = 13%
# hash-table stats:
# Load=19/8192=0%, Rehash=0, Collisions=1/22=5%
# Finished Make data base on Wed Dec 15 11:20:13 2021

 
